<?xml version="1.0" encoding="UTF-8"?>
<testng-results ignored="0" total="1" passed="1" failed="0" skipped="0">
  <reporter-output>
  </reporter-output>
  <suite started-at="2025-01-18T12:33:32 IST" name="Default suite" finished-at="2025-01-18T12:34:19 IST" duration-ms="47357">
    <groups>
    </groups>
    <test started-at="2025-01-18T12:33:32 IST" name="Default test" finished-at="2025-01-18T12:34:19 IST" duration-ms="47357">
      <class name="com.Demo.App.AdminPage">
        <test-method signature="adminPage()[pri:0, instance:com.Demo.App.AdminPage@7b36aa0c]" started-at="2025-01-18T12:33:32 IST" name="adminPage" finished-at="2025-01-18T12:34:19 IST" duration-ms="47095" status="PASS">
          <reporter-output>
          </reporter-output>
        </test-method> <!-- adminPage -->
      </class> <!-- com.Demo.App.AdminPage -->
    </test> <!-- Default test -->
  </suite> <!-- Default suite -->
</testng-results>
